

*******************************************************************************
Mon Oct  2 12:05:16 2017


FIT:    data read from "tiempos_ordMC.dat"
        format = z
        #datapoints = 299
        residuals are weighted equally (unit weight)

function used for fitting: f(x)
fitted parameters initialized with current variable values



 Iteration 0
 WSSR        : 4.81999e+19       delta(WSSR)/WSSR   : 0
 delta(WSSR) : 0                 limit for stopping : 1e-05
 lambda	  : 2.31798e+08

initial set of free parameter values

a               = 1
b               = 1
c               = 1

After 18 iterations the fit converged.
final sum of squares of residuals : 0.205862
rel. change during last iteration : -2.38728e-06

degrees of freedom    (FIT_NDF)                        : 296
rms of residuals      (FIT_STDFIT) = sqrt(WSSR/ndf)    : 0.026372
variance of residuals (reduced chisquare) = WSSR/ndf   : 0.000695481

Final set of parameters            Asymptotic Standard Error
=======================            ==========================

a               = 1.51031e-09      +/- 1.52e-11     (1.006%)
b               = -0.000833184     +/- 1.857e+08    (2.229e+13%)
c               = 0.000613226      +/- 1.367e+08    (2.229e+13%)


correlation matrix of the fit parameters:

               a      b      c      
a               1.000 
b              -0.012  1.000 
c              -0.012  1.000  1.000 


*******************************************************************************
Mon Oct  2 12:10:07 2017


FIT:    data read from "tiempos_ordPC.dat"
        format = z
        #datapoints = 299
        residuals are weighted equally (unit weight)

function used for fitting: f(x)
fitted parameters initialized with current variable values



 Iteration 0
 WSSR        : 4.81999e+19       delta(WSSR)/WSSR   : 0
 delta(WSSR) : 0                 limit for stopping : 1e-05
 lambda	  : 2.31798e+08

initial set of free parameter values

a               = 1
b               = 1
c               = 1

After 18 iterations the fit converged.
final sum of squares of residuals : 2.72017
rel. change during last iteration : -1.9e-12

degrees of freedom    (FIT_NDF)                        : 296
rms of residuals      (FIT_STDFIT) = sqrt(WSSR/ndf)    : 0.0958632
variance of residuals (reduced chisquare) = WSSR/ndf   : 0.00918976

Final set of parameters            Asymptotic Standard Error
=======================            ==========================

a               = 1.82752e-09      +/- 5.529e-11    (3.026%)
b               = 0.0018899        +/- 5.552e+08    (2.938e+13%)
c               = 0.000654173      +/- 1.922e+08    (2.938e+13%)


correlation matrix of the fit parameters:

               a      b      c      
a               1.000 
b              -0.047  1.000 
c               0.047 -1.000  1.000 
