

*******************************************************************************
Mon Oct  2 12:41:16 2017


FIT:    data read from "tiempos_burbujaMC.dat"
        format = z
        #datapoints = 60
        residuals are weighted equally (unit weight)

function used for fitting: f(x)
fitted parameters initialized with current variable values



*******************************************************************************
Mon Oct  2 12:41:25 2017


FIT:    data read from "tiempos_burbujaMC.dat"
        format = z
        #datapoints = 60
        residuals are weighted equally (unit weight)

function used for fitting: f(x)
fitted parameters initialized with current variable values



 Iteration 0
 WSSR        : 1.77301e+10       delta(WSSR)/WSSR   : 0
 delta(WSSR) : 0                 limit for stopping : 1e-05
 lambda	  : 17190.2

initial set of free parameter values

a               = 1

After 5 iterations the fit converged.
final sum of squares of residuals : 2.52125e-10
rel. change during last iteration : -6.15158e-16

degrees of freedom    (FIT_NDF)                        : 59
rms of residuals      (FIT_STDFIT) = sqrt(WSSR/ndf)    : 2.0672e-06
variance of residuals (reduced chisquare) = WSSR/ndf   : 4.2733e-12

Final set of parameters            Asymptotic Standard Error
=======================            ==========================

a               = 2.96307e-09      +/- 1.552e-11    (0.5239%)


correlation matrix of the fit parameters:

               a      
a               1.000 
