

*******************************************************************************
Tue Oct  3 10:58:40 2017


FIT:    data read from "tiempos_mergesort.dat"
        format = z
        #datapoints = 200
        residuals are weighted equally (unit weight)

function used for fitting: f(x)
fitted parameters initialized with current variable values



 Iteration 0
 WSSR        : 8.29987e+13       delta(WSSR)/WSSR   : 0
 delta(WSSR) : 0                 limit for stopping : 1e-05
 lambda	  : 457334

initial set of free parameter values

a               = 1
b               = 1

After 4 iterations the fit converged.
final sum of squares of residuals : 0.00013785
rel. change during last iteration : -2.97373e-09

degrees of freedom    (FIT_NDF)                        : 198
rms of residuals      (FIT_STDFIT) = sqrt(WSSR/ndf)    : 0.000834394
variance of residuals (reduced chisquare) = WSSR/ndf   : 6.96213e-07

Final set of parameters            Asymptotic Standard Error
=======================            ==========================

a               = 2.26754e-08      +/- 3.073e-09    (13.55%)
b               = 0.911827         +/- 1.371        (150.4%)


correlation matrix of the fit parameters:

               a      b      
a               1.000 
b              -1.000  1.000 


*******************************************************************************
Tue Oct  3 11:00:41 2017


FIT:    data read from "tiempos_mergesort.dat"
        format = z
        #datapoints = 200
        residuals are weighted equally (unit weight)

function used for fitting: f(x)
fitted parameters initialized with current variable values



 Iteration 0
 WSSR        : 0.00013785        delta(WSSR)/WSSR   : 0
 delta(WSSR) : 0                 limit for stopping : 1e-05
 lambda	  : 451760

initial set of free parameter values

a               = 2.26754e-08
b               = 0.911827

After 1 iterations the fit converged.
final sum of squares of residuals : 0.00013785
rel. change during last iteration : -3.93254e-16

degrees of freedom    (FIT_NDF)                        : 198
rms of residuals      (FIT_STDFIT) = sqrt(WSSR/ndf)    : 0.000834394
variance of residuals (reduced chisquare) = WSSR/ndf   : 6.96213e-07

Final set of parameters            Asymptotic Standard Error
=======================            ==========================

a               = 2.26754e-08      +/- 3.073e-09    (13.55%)
b               = 0.911827         +/- 1.371        (150.4%)


correlation matrix of the fit parameters:

               a      b      
a               1.000 
b              -1.000  1.000 
